src/controllers/agreement.controller.ts(89,13): error TS2375: Type '{ name: any; agreementCode: string; discountType: any; discountValue: any; startDate: Date; endDate: Date | null; notes: any; schools: { connect: any; } | undefined; }' is not assignable to type '(Without<AgreementCreateInput, AgreementUncheckedCreateInput> & AgreementUncheckedCreateInput) | (Without<...> & AgreementCreateInput)' with 'exactOptionalPropertyTypes: true'. Consider adding 'undefined' to the types of the target's properties.
  Type '{ name: any; agreementCode: string; discountType: any; discountValue: any; startDate: Date; endDate: Date | null; notes: any; schools: { connect: any; } | undefined; }' is not assignable to type 'Without<AgreementUncheckedCreateInput, AgreementCreateInput> & AgreementCreateInput' with 'exactOptionalPropertyTypes: true'. Consider adding 'undefined' to the types of the target's properties.
    Type '{ name: any; agreementCode: string; discountType: any; discountValue: any; startDate: Date; endDate: Date | null; notes: any; schools: { connect: any; } | undefined; }' is not assignable to type 'AgreementCreateInput' with 'exactOptionalPropertyTypes: true'. Consider adding 'undefined' to the types of the target's properties.
      Types of property 'schools' are incompatible.
        Type '{ connect: any; } | undefined' is not assignable to type 'SchoolCreateNestedManyWithoutAgreementInput'.
          Type 'undefined' is not assignable to type 'SchoolCreateNestedManyWithoutAgreementInput'.
src/controllers/grade.controller.ts(119,25): error TS2375: Type '{ progressTest: number | undefined; classPerformance: number | undefined; gradeValue: any; comments: any; recordedBy: any; }' is not assignable to type '(Without<GradeUpdateInput, GradeUncheckedUpdateInput> & GradeUncheckedUpdateInput) | (Without<...> & GradeUpdateInput)' with 'exactOptionalPropertyTypes: true'. Consider adding 'undefined' to the types of the target's properties.
  Type '{ progressTest: number | undefined; classPerformance: number | undefined; gradeValue: any; comments: any; recordedBy: any; }' is not assignable to type 'Without<GradeUncheckedUpdateInput, GradeUpdateInput> & GradeUpdateInput' with 'exactOptionalPropertyTypes: true'. Consider adding 'undefined' to the types of the target's properties.
    Type '{ progressTest: number | undefined; classPerformance: number | undefined; gradeValue: any; comments: any; recordedBy: any; }' is not assignable to type 'Without<GradeUncheckedUpdateInput, GradeUpdateInput>'.
      Types of property 'recordedBy' are incompatible.
        Type 'any' is not assignable to type 'never'.
src/controllers/grade.controller.ts(130,25): error TS2375: Type '{ enrollmentId: number; evaluationName: any; evaluationType: EvaluationType; progressTest: number | undefined; classPerformance: number | undefined; gradeValue: any; comments: any; evaluationDate: Date; maxGrade: number; recordedBy: any; }' is not assignable to type '(Without<GradeCreateInput, GradeUncheckedCreateInput> & GradeUncheckedCreateInput) | (Without<...> & GradeCreateInput)' with 'exactOptionalPropertyTypes: true'. Consider adding 'undefined' to the types of the target's properties.
  Type '{ enrollmentId: number; evaluationName: any; evaluationType: EvaluationType; progressTest: number | undefined; classPerformance: number | undefined; gradeValue: any; comments: any; evaluationDate: Date; maxGrade: number; recordedBy: any; }' is not assignable to type 'Without<GradeCreateInput, GradeUncheckedCreateInput> & GradeUncheckedCreateInput' with 'exactOptionalPropertyTypes: true'. Consider adding 'undefined' to the types of the target's properties.
    Type '{ enrollmentId: number; evaluationName: any; evaluationType: EvaluationType; progressTest: number | undefined; classPerformance: number | undefined; gradeValue: any; comments: any; evaluationDate: Date; maxGrade: number; recordedBy: any; }' is not assignable to type 'GradeUncheckedCreateInput' with 'exactOptionalPropertyTypes: true'. Consider adding 'undefined' to the types of the target's properties.
      Types of property 'progressTest' are incompatible.
        Type 'number | undefined' is not assignable to type 'string | number | Decimal | DecimalJsLike | null'.
          Type 'undefined' is not assignable to type 'string | number | Decimal | DecimalJsLike | null'.
